<?xml version="1.0" encoding="UTF-8"?>
<!-- Generated by org.testng.reporters.JUnitReportReporter -->
<testsuite skipped="0" hostname="DESKTOP-AQBS796" name="basics.TestNG2" tests="2" failures="0" timestamp="13 Apr 2019 18:02:05 GMT" time="10.471" errors="0">
  <testcase name="register" time="7.354" classname="basics.TestNG2"/>
  <testcase name="support" time="3.117" classname="basics.TestNG2"/>
</testsuite> <!-- basics.TestNG2 -->
