<?xml version="1.0" encoding="UTF-8"?>
<!-- Generated by org.testng.reporters.JUnitReportReporter -->
<testsuite skipped="0" hostname="DESKTOP-AQBS796" name="basics.TestNG1" tests="4" failures="0" timestamp="13 Apr 2019 18:01:23 GMT" time="0.015" errors="0">
  <testcase name="Testminus1" time="0.000" classname="basics.TestNG1"/>
  <testcase name="Test0" time="0.000" classname="basics.TestNG1"/>
  <testcase name="verifyHomepageTitle" time="0.000" classname="basics.TestNG1"/>
  <testcase name="Test2" time="0.015" classname="basics.TestNG1"/>
</testsuite> <!-- basics.TestNG1 -->
