<?xml version="1.0" encoding="UTF-8"?>
<!-- Generated by org.testng.reporters.JUnitReportReporter -->
<testsuite skipped="0" hostname="DESKTOP-AQBS796" name="order.Order1" tests="2" failures="0" timestamp="13 Apr 2019 17:54:46 GMT" time="0.015" errors="0">
  <testcase name="Order1TestMethod1" time="0.015" classname="order.Order1"/>
  <testcase name="Order1TestMethod2" time="0.000" classname="order.Order1"/>
</testsuite> <!-- order.Order1 -->
